<?xml version="1.0" encoding="UTF-8"?>
<testng-results ignored="0" total="2" passed="2" failed="0" skipped="0">
  <reporter-output>
  </reporter-output>
  <suite started-at="2021-11-06T21:43:49 IST" name="Suite" finished-at="2021-11-06T21:43:59 IST" duration-ms="9238">
    <groups>
    </groups>
    <test started-at="2021-11-06T21:43:49 IST" name="Test" finished-at="2021-11-06T21:43:59 IST" duration-ms="9238">
      <class name="com.seleniummvn.NewTest1">
        <test-method signature="f()[pri:0, instance:com.seleniummvn.NewTest1@2f177a4b]" started-at="2021-11-06T21:43:49 IST" name="f" finished-at="2021-11-06T21:43:59 IST" duration-ms="9187" status="PASS">
          <reporter-output>
          </reporter-output>
        </test-method> <!-- f -->
      </class> <!-- com.seleniummvn.NewTest1 -->
      <class name="com.seleniummvn.NewTest2">
        <test-method signature="f()[pri:0, instance:com.seleniummvn.NewTest2@29176cc1]" started-at="2021-11-06T21:43:49 IST" name="f" finished-at="2021-11-06T21:43:49 IST" duration-ms="6" status="PASS">
          <reporter-output>
          </reporter-output>
        </test-method> <!-- f -->
      </class> <!-- com.seleniummvn.NewTest2 -->
    </test> <!-- Test -->
  </suite> <!-- Suite -->
</testng-results>
