<?xml version="1.0" encoding="UTF-8"?>
<testng-results ignored="0" total="1" passed="1" failed="0" skipped="0">
  <reporter-output>
  </reporter-output>
  <suite started-at="2024-08-04T09:18:46 IST" name="Default suite" finished-at="2024-08-04T09:19:05 IST" duration-ms="18779">
    <groups>
    </groups>
    <test started-at="2024-08-04T09:18:46 IST" name="Default test" finished-at="2024-08-04T09:19:05 IST" duration-ms="18779">
      <class name="com.seleniummvn.NewTest1">
        <test-method is-config="true" signature="setup()[pri:0, instance:com.seleniummvn.NewTest1@478190fc]" started-at="2024-08-04T09:18:46 IST" name="setup" finished-at="2024-08-04T09:18:59 IST" duration-ms="13398" status="PASS">
          <reporter-output>
          </reporter-output>
        </test-method> <!-- setup -->
        <test-method signature="test1()[pri:0, instance:com.seleniummvn.NewTest1@478190fc]" started-at="2024-08-04T09:19:00 IST" name="test1" finished-at="2024-08-04T09:19:05 IST" duration-ms="5016" status="PASS">
          <reporter-output>
          </reporter-output>
        </test-method> <!-- test1 -->
        <test-method is-config="true" signature="teardown()[pri:0, instance:com.seleniummvn.NewTest1@478190fc]" started-at="2024-08-04T09:19:05 IST" name="teardown" finished-at="2024-08-04T09:19:05 IST" duration-ms="265" status="PASS">
          <reporter-output>
          </reporter-output>
        </test-method> <!-- teardown -->
      </class> <!-- com.seleniummvn.NewTest1 -->
    </test> <!-- Default test -->
  </suite> <!-- Default suite -->
</testng-results>
